<?xml version="1.0" encoding="UTF-8"?>
<!-- Generated by org.testng.reporters.JUnitReportReporter -->
<testsuite hostname="DESKTOP-FAU8SHO" failures="0" tests="1" name="selenium.Testing2" time="0.001" errors="0" timestamp="07 Oct. 2021 23:20:25 GMT" skipped="0">
  <testcase classname="selenium.Testing2" name="test4" time="0.001"/>
</testsuite> <!-- selenium.Testing2 -->
