<?xml version="1.0" encoding="UTF-8"?>
<!-- Generated by org.testng.reporters.JUnitReportReporter -->
<testsuite hostname="DESKTOP-FAU8SHO" failures="0" tests="6" name="selenium.Testing1" time="0.015" errors="0" timestamp="2022-02-06T17:32:32 IST" skipped="0">
  <testcase classname="selenium.Testing1" name="test1" time="0.001"/>
  <system-out/>
  <testcase classname="selenium.Testing1" name="test1" time="0.006"/>
  <system-out/>
  <testcase classname="selenium.Testing1" name="test3" time="0.002"/>
  <system-out/>
  <testcase classname="selenium.Testing1" name="test2" time="0.002"/>
  <system-out/>
  <testcase classname="selenium.Testing1" name="testDataProvider" time="0.002"/>
  <system-out/>
  <testcase classname="selenium.Testing1" name="testDataProvider" time="0.002"/>
  <system-out/>
</testsuite> <!-- selenium.Testing1 -->
